c:\users\mathan\source\repos\pathfindingproj\pathfindingproj\x64\debug\vc143.pdb
c:\users\mathan\source\repos\pathfindingproj\pathfindingproj\x64\debug\vc143.idb
c:\users\mathan\source\repos\pathfindingproj\pathfindingproj\x64\debug\queue.obj
c:\users\mathan\source\repos\pathfindingproj\pathfindingproj\x64\debug\priorityq.obj
c:\users\mathan\source\repos\pathfindingproj\pathfindingproj\x64\debug\matrix.obj
c:\users\mathan\source\repos\pathfindingproj\pathfindingproj\x64\debug\graph.obj
c:\users\mathan\source\repos\pathfindingproj\pathfindingproj\x64\debug\main.obj
c:\users\mathan\source\repos\pathfindingproj\pathfindingproj\x64\debug\test.obj
c:\users\mathan\source\repos\pathfindingproj\x64\debug\pathfindingproj.exe
c:\users\mathan\source\repos\pathfindingproj\x64\debug\pathfindingproj.pdb
c:\users\mathan\source\repos\pathfindingproj\pathfindingproj\x64\debug\pathfindingproj.ilk
c:\users\mathan\source\repos\pathfindingproj\pathfindingproj\x64\debug\main.obj.enc
c:\users\mathan\source\repos\pathfindingproj\pathfindingproj\x64\debug\pathfindingproj.tlog\cl.command.1.tlog
c:\users\mathan\source\repos\pathfindingproj\pathfindingproj\x64\debug\pathfindingproj.tlog\cl.items.tlog
c:\users\mathan\source\repos\pathfindingproj\pathfindingproj\x64\debug\pathfindingproj.tlog\cl.read.1.tlog
c:\users\mathan\source\repos\pathfindingproj\pathfindingproj\x64\debug\pathfindingproj.tlog\cl.write.1.tlog
c:\users\mathan\source\repos\pathfindingproj\pathfindingproj\x64\debug\pathfindingproj.tlog\link.command.1.tlog
c:\users\mathan\source\repos\pathfindingproj\pathfindingproj\x64\debug\pathfindingproj.tlog\link.read.1.tlog
c:\users\mathan\source\repos\pathfindingproj\pathfindingproj\x64\debug\pathfindingproj.tlog\link.secondary.1.tlog
c:\users\mathan\source\repos\pathfindingproj\pathfindingproj\x64\debug\pathfindingproj.tlog\link.write.1.tlog
